 stdout: =thread-group-added,id="i1"
~"GNU gdb (GDB) (Cygwin 10.2-1) 10.2\n"
stdout: ~"Copyright (C) 2021 Free Software Foundation, Inc.\n"
~"License GPLv3+: GNU GPL version 3 or later <http://gnu.org/licenses/gpl.html>\nThis is free software: you are free to change and redistribute it.\nThere is NO WARRANTY, to the extent permitted by law."
~"\nType \"show copying\" and \"show warranty\" for details.\n"
~"This GDB was configured as \"x86_64-pc-cygwin\".\n"
~"Type \"show configuration\" for configuration details.\n"
~"For bug reporting instructions, please see:\n"
~"<https://www.gnu.org/software/gdb/bugs/>.\n"
~"Find the GDB manual and other documentation resources online at:\n    <http://www.gnu.org/software/gdb/documentation/>."
~"\n\n"
~"For help, type \"help\".\n"
~"Type \"apropos word\" to search for commands related to \"word\".\n"
stdout: =cmd-param-changed,param="confirm",value="off"
stdout: =cmd-param-changed,param="trace-commands",value="on"
stdout: ~"+target remote localhost:1234\n"
stdout: =thread-group-started,id="i1",pid="1"
stdout: &"warning: No executable has been specified and target does not support\ndetermining executable automatically.  Try using the \"file\" command."
&"\n"
=thread-created,id="1",group-id="i1"
=thread-created,id="2",group-id="i1"
stdout: ~"0x000000000000fff0 in ?? ()\n"
stdout: *stopped,frame={addr="0x000000000000fff0",func="??",args=[],arch="i386:x86-64"},thread-id="1",stopped-threads="all"
~"+add-symbol-file D:/Developement/Projects/RustKernel/target/kernel_target/debug/kernel\n"
stdout: ~"add symbol table from file \"D:/Developement/Projects/RustKernel/target/kernel_target/debug/kernel\"\n"
stdin: 1001-thread-info 1

stdin: 1002-thread-info 2
stdin: 
stdout: (gdb) 
stdin: 1003-gdb-set mi-async on

stdout: 1001^done,threads=[{id="1",target-id="Thread 1.1",details="CPU#0 [running]",frame={level="0",addr="0x000000000000fff0",func="??",args=[],arch="i386:x86-64"},state="stopped"}]
(gdb) 
&"\n"
stdout: ^done
(gdb) 
stdout: 1002^done,threads=[{id="2",target-id="Thread 1.2",details="CPU#1 [halted ]",frame={level="0",addr="0x000000000000fff0",func="??",args=[],arch="i386:x86-64"},state="stopped"}]
(gdb) 
stdout: &"\n"
^done
(gdb) 
~"+set mi-async on\n"
1003^error,msg="Cannot change this setting while the inferior is running."
(gdb) 
&"\n"
^done
(gdb) 
stdin: 1004-gdb-set target-async on

stdout: ~"+set target-async on\n"
stdout: 1004^error,msg="Cannot change this setting while the inferior is running."
(gdb) 
&"\n"
^done
(gdb) 
stdin: 1005-interpreter-exec console "show configuration"

stdout: ~"+show configuration\n"
stdout: ~"This GDB was configured as follows:\n   configure --host="
~"x86_64-pc-cygwin --target=x86_64-pc-cygwin\n"
~"             --with-auto-load-dir=$debugdir:$datadir/auto-load\n             --with-auto-load-safe-path="
~"$debugdir:$datadir/auto-load\n"
~"             --with-expat\n"
~"             --with-gdb-datadir=/usr/share/gdb (relocatable)\n"
~"             --with-jit-reader-dir=/usr/lib/gdb (relocatable)\n"
~"             --without-libunwind-ia64\n"
~"             --with-lzma\n"
~"             --without-babeltrace\n"
~"             --without-intel-pt\n"
~"             --with-mpfr\n"
~"             --without-xxhash\n"
~"             --with-python=/usr (relocatable)\n"
~"             --with-python-libdir=/usr/lib (relocatable)\n"
~"             --without-debuginfod\n"
~"             --without-guile\n"
~"             --enable-source-highlight\n"
~"             --with-separate-debug-dir=/usr/lib/debug (relocatable)\n"
~"\n(\"Relocatable\" means the directory can be moved with the GDB installation\ntree, and GDB will still find it.)\n"
stdout: 1005^done
(gdb) 
&"\n"
^done
(gdb) 
stdin: 1006-interpreter-exec console "set pagination off"

stdout: ~"+set pagination off\n"
stdout: =cmd-param-changed,param="pagination",value="off"
1006^done
(gdb) 
&"\n"
^done
(gdb) 
stdin: 1007-gdb-set auto-solib-add on

stdout: ~"+set auto-solib-add on\n"
stdout: 1007^done
(gdb) 
&"\n"
^done
(gdb) 
stdin: 1008-gdb-set solib-search-path D:/Developement/Projects/RustKernel/target/kernel_target/debug:

stdin: 1009-environment-cd D:\Developement\Projects\RustKernel

stdout: ~"+cd D:\\Developement\\Projects\\RustKernel\n"
stdout: 1009^done
(gdb) 
&"\n"
stdout: ^done
(gdb) 
stdin: 1010-file-exec-and-symbols D:/Developement/Projects/RustKernel/target/kernel_target/debug/kernel

stdin: 1011-interpreter-exec console "show architecture"

stdout: ~"+show architecture\n"
stdout: ~"The target architecture is set to \"auto\" (currently \"i386:x86-64\").\n"
1011^done
(gdb) 
&"\n"
^done
(gdb) 
stdin: 1012-exec-arguments 2>CON 1>CON <CON

stdout: ~"+set args 2>CON 1>CON <CON\n"
stdout: 1012^done
(gdb) 
&"\n"
^done
(gdb) 
stdin: 1013-break-insert -f main

stdout: &"Function \"main\" not defined.\n"
stdout: 1013^done,bkpt={number="1",type="breakpoint",disp="keep",enabled="y",addr="<PENDING>",pending="main",times="0",original-location="main"}
(gdb) 
&"\n"
^done
(gdb) 
stdin: 1014-break-insert -f elf.rs:95

stdout: 1014^done,bkpt={number="2",type="breakpoint",disp="keep",enabled="y",addr="0x0000020000032872",func="common::elf::ElfFile::progam_headers",file="kernel_api\\common\\src/elf.rs",fullname="D:/Developement/Projects/RustKernel/kernel_api/common/src/elf.rs",line="95",thread-groups=["i1"],times="0",original-location="elf.rs:95"}
(gdb) 
&"\n"
stdout: ^done
(gdb) 
stdin: 1015-symbol-list-lines D:/Developement/Projects/RustKernel/kernel_api/common/src/elf.rs

stdout: 1015^error,msg="-symbol-list-lines: Unknown source file name."
(gdb) 
stdout: &"\n"
^done
(gdb) 
stdin: 1016-symbol-list-lines elf.rs

stdout: 1016^done,lines=[{pc="0x000000000000002e",line="0"},{pc="0x000000000000006e",line="0"},{pc="0x000000000000009b",line="0"},{pc="0x00000000000000de",line="0"},{pc="0x000000000000026f",line="0"},{pc="0x00000000000002f4",line="0"},{pc="0x00000000000003d7",line="0"},{pc="0x00000000000005ef",line="0"},{pc="0x00000200000327b0",line="83"},{pc="0x00000200000327be",line="84"},{pc="0x00000200000327c7",line="85"},{pc="0x00000200000327d5",line="0"},{pc="0x00000200000327e0",line="87"},{pc="0x00000200000327ed",line="89"},{pc="0x0000020000032808",line="89"},{pc="0x000002000003280b",line="91"},{pc="0x0000020000032815",line="89"},{pc="0x0000020000032827",line="0"},{pc="0x0000020000032830",line="93"},{pc="0x0000020000032856",line="94"},{pc="0x0000020000032872",line="95"},{pc="0x000002000003287b",line="95"},{pc="0x000002000003289f",line="95"},{pc="0x00000200000328af",line="96"},{pc="0x00000200000328b8",line="96"},{pc="0x00000200000328c4",line="95"},{pc="0x00000200000328d7",line="96"},{pc="0x00000200000328e2",line="96"},{pc="0x00000200000328ea",line="96"},{pc="0x00000200000328f7",line="96"},{pc="0x0000020000032915",line="100"},{pc="0x0000020000032919",line="97"},{pc="0x0000020000032928",line="103"},{pc="0x0000020000032935",line="96"},{pc="0x0000020000032972",line="96"},{pc="0x00000200000329c7",line="0"},{pc="0x00000200000329d0",line="105"},{pc="0x00000200000329e8",line="106"},{pc="0x00000200000329ef",line="109"},{pc="0x00000200000329f8",line="106"},{pc="0x0000020000032a07",line="107"},{pc="0x0000020000032a18",line="107"},{pc="0x0000020000032a21",line="107"},{pc="0x0000020000032a25",line="107"},{pc="0x0000020000032a49",line="107"},{pc="0x0000020000032a53",line="107"},{pc="0x0000020000032a75",line="107"},{pc="0x0000020000032a99",line="107"},{pc="0x0000020000032aa3",line="111"},{pc="0x0000020000032ab2",line="0"},{pc="0x0000020000032ac0",line="174"},{pc="0x0000020000032ace",line="175"},{pc="0x0000020000032ad8",line="182"},{pc="0x0000020000032ae1",line="175"},{pc="0x0000020000032aeb",line="177"},{pc="0x0000020000032aee",line="177"},{pc="0x0000020000032afc",line="0"},{pc="0x0000020000032b1c",line="177"},{pc="0x0000020000032b21",line="179"},{pc="0x0000020000032b42",line="179"},{pc="0x0000020000032b46",line="180"},{pc="0x0000020000032b4b",line="175"},{pc="0x0000020000032b4d",line="179"},{pc="0x0000020000032b67",line="184"},{pc="0x0000020000032b71",line="0"}]
(gdb) 
stdout: &"\n"
^done
(gdb) 
stdin: 1017-break-insert -f main.rs:52

stdout: 1017^done,bkpt={number="3",type="breakpoint",disp="keep",enabled="y",addr="0x000002000002b838",func="kernel::_start",file="kernel\\src/main.rs",fullname="D:/Developement/Projects/RustKernel/kernel/src/main.rs",line="52",thread-groups=["i1"],times="0",original-location="main.rs:52"}
(gdb) 
stdout: &"\n"
^done
(gdb) 
stdin: 1018-symbol-list-lines D:/Developement/Projects/RustKernel/kernel/src/main.rs

stdout: 1018^error,msg="-symbol-list-lines: Unknown source file name."
(gdb) 
stdout: &"\n"
^done
(gdb) 
stdin: 1019-symbol-list-lines main.rs

stdout: 1019^done,lines=[{pc="0x0000020000000521",line="1"},{pc="0x0000020000000526",line="0"},{pc="0x0000020000000831",line="1"},{pc="0x0000020000000836",line="0"}]
(gdb) 
stdout: &"\n"
^done
(gdb) 
stdin: 1020-break-insert -f serial.rs:99

stdout: 1020^done,bkpt={number="4",type="breakpoint",disp="keep",enabled="y",addr="0x00000200000376cd",func="common::serial::{impl#1}::write_str",file="kernel_api\\common\\src/serial.rs",fullname="D:/Developement/Projects/RustKernel/kernel_api/common/src/serial.rs",line="99",thread-groups=["i1"],times="0",original-location="serial.rs:99"}
(gdb) 
&"\n"
stdout: ^done
(gdb) 
stdin: 1021-symbol-list-lines D:/Developement/Projects/RustKernel/kernel_api/common/src/serial.rs

stdout: 1021^error,msg="-symbol-list-lines: Unknown source file name."
(gdb) 
stdout: &"\n"
^done
(gdb) 
stdin: 1022-symbol-list-lines serial.rs

stdout: 1022^done,lines=[{pc="0x0000000000000064",line="0"},{pc="0x0000000000000078",line="0"},{pc="0x0000000000000241",line="0"},{pc="0x00000200000374e0",line="52"},{pc="0x00000200000374e9",line="53"},{pc="0x00000200000374f2",line="57"},{pc="0x00000200000374fc",line="0"},{pc="0x0000020000037500",line="63"},{pc="0x0000020000037509",line="64"},{pc="0x0000020000037526",line="0"},{pc="0x0000020000037533",line="64"},{pc="0x0000020000037535",line="64"},{pc="0x0000020000037553",line="64"},{pc="0x000002000003755a",line="65"},{pc="0x0000020000037564",line="0"},{pc="0x0000020000037570",line="77"},{pc="0x000002000003758e",line="79"},{pc="0x000002000003759b",line="79"},{pc="0x00000200000375a5",line="80"},{pc="0x00000200000375ae",line="81"},{pc="0x00000200000375bd",line="0"},{pc="0x00000200000375c7",line="84"},{pc="0x00000200000375d3",line="0"},{pc="0x00000200000375d4",line="86"},{pc="0x00000200000375d9",line="0"},{pc="0x00000200000375e0",line="88"},{pc="0x0000020000037602",line="89"},{pc="0x0000020000037608",line="94"},{pc="0x0000020000037617",line="90"},{pc="0x0000020000037630",line="90"},{pc="0x000002000003763a",line="90"},{pc="0x0000020000037664",line="90"},{pc="0x000002000003766f",line="91"},{pc="0x0000020000037679",line="0"},{pc="0x0000020000037680",line="98"},{pc="0x00000200000376a1",line="0"},{pc="0x00000200000376cd",line="99"},{pc="0x00000200000376d2",line="100"},{pc="0x00000200000376d7",line="101"},{pc="0x00000200000376e5",line="0"}]
(gdb) 
&"\n"
stdout: ^done
(gdb) 
stdin: 1023-break-insert -f util.rs:20

stdout: 1023^done,bkpt={number="5",type="breakpoint",disp="keep",enabled="y",addr="0x0000020000031d2b",func="common::util::memcpy",file="kernel_api\\common\\src/util.rs",fullname="D:/Developement/Projects/RustKernel/kernel_api/common/src/util.rs",line="28",thread-groups=["i1"],times="0",original-location="util.rs:20"}
(gdb) 
stdout: &"\n"
^done
(gdb) 
stdin: 1024-symbol-list-lines D:/Developement/Projects/RustKernel/kernel_api/common/src/util.rs

stdout: 1024^error,msg="-symbol-list-lines: Unknown source file name."
(gdb) 
stdout: &"\n"
^done
(gdb) 
stdin: 1025-symbol-list-lines util.rs
stdin: 
stdout: 1025^done,lines=[{pc="0x0000020000009e97",line="128"},{pc="0x0000020000009eb0",line="128"},{pc="0x0000020000009eb1",line="0"}]
(gdb) 
stdout: &"\n"
^done
(gdb) 
stdin: 1026-thread-info

stdout: 1026^done,threads=[{id="1",target-id="Thread 1.1",details="CPU#0 [running]",frame={level="0",addr="0x000000000000fff0",func="??",args=[],arch="i386:x86-64"},state="stopped"},{id="2",target-id="Thread 1.2",details="CPU#1 [halted ]",frame={level="0",addr="0x000000000000fff0",func="??",args=[],arch="i386:x86-64"},state="stopped"}],current-thread-id="1"
(gdb) 
&"\n"
stdout: ^done
(gdb) 
stdin: 1027-stack-list-frames 0 1000

stdout: 1027^done,stack=[frame={level="0",addr="0x000000000000fff0",func="??",arch="i386:x86-64"}]
(gdb) 
&"\n"
^done
(gdb) 
stdin: 1028-break-delete 1

stdout: ~"+delete breakpoint 1\n"
stdout: 1028^done
(gdb) 
&"\n"
^done
(gdb) 
stdin: -exec-continue

stdout: ^running
*running,thread-id="all"
(gdb) 
stdout: =breakpoint-modified,bkpt={number="3",type="breakpoint",disp="keep",enabled="y",addr="0x000002000002b838",func="kernel::_start",file="kernel\\src/main.rs",fullname="D:/Developement/Projects/RustKernel/kernel/src/main.rs",line="52",thread-groups=["i1"],times="1",original-location="main.rs:52"}
stdout: ~"\n"
stdout: ~"Thread 1 hit Breakpoint 3, kernel::_start (parameters=0x3ff01d18) at kernel\\src/main.rs:52\n"
stdout: ~"52\t    fmt::write(&mut serial, format_args!(\"Kernel.. {:p}\", parameters.system_table)).expect(\"Unable to print!\");\n"
stdout: *stopped,reason="breakpoint-hit",disp="keep",bkptno="3",frame={addr="0x000002000002b838",func="kernel::_start",args=[{name="parameters",value="0x3ff01d18"}],file="kernel\\src/main.rs",fullname="D:/Developement/Projects/RustKernel/kernel/src/main.rs",line="52",arch="i386:x86-64"},thread-id="1",stopped-threads="all"
(gdb) 
&"\n"
^done
(gdb) 
stdin: 1029-stack-list-frames 0 1000
stdin: 
stdout: 1029^done,stack=[frame={level="0",addr="0x000002000002b838",func="kernel::_start",file="kernel\\src/main.rs",fullname="D:/Developement/Projects/RustKernel/kernel/src/main.rs",line="52",arch="i386:x86-64"},frame={level="1",addr="0x0000000000000000",func="??",arch="i386:x86-64"}]
(gdb) 
&"\n"
^done
(gdb) 
stdin: 1030-stack-list-arguments 0 0 1

stdout: 1030^done,stack-args=[frame={level="0",args=[name="parameters"]},frame={level="1",args=[]}]
(gdb) 
&"\n"
stdout: ^done
(gdb) 
stdin: 1031-var-create - * "parameters"

stdout: 1031^done,name="var1",numchild="5",value="0x3ff01d18",type="*mut common::KernelParameters",thread-id="1",has_more="0"
(gdb) 
&"\n"
stdout: ^done
(gdb) 
stdin: 1032-var-delete var1

stdout: 1032^done,ndeleted="1"
(gdb) 
&"\n"
stdout: ^done
(gdb) 
stdin: 1033-var-create - * "page"

stdout: 1033^error,msg="-var-create: unable to create variable object"
(gdb) 
stdout: &"\n"
^done
(gdb) 
stdin: 1034-var-create - * "entry"

stdout: 1034^error,msg="-var-create: unable to create variable object"
(gdb) 
stdout: &"\n"
^done
(gdb) 
stdin: 1035-stack-list-variables 0

stdout: 1035^done,variables=[{name="serial"},{name="parameters",arg="1"}]
(gdb) 
stdout: &"\n"
^done
(gdb) 
stdin: 1036-var-create - * "serial"

stdout: 1036^done,name="var4",numchild="2",value="{...}",type="common::serial::SerialPort",thread-id="1",has_more="0"
(gdb) 
&"\n"
^done
(gdb) 
stdin: 1037-var-create - * "parameters"

stdout: 1037^done,name="var5",numchild="5",value="0x3ff01d18",type="*mut common::KernelParameters",thread-id="1",has_more="0"
(gdb) 
stdout: &"\n"
^done
(gdb) 
stdin: 1038-var-list-children --simple-values "var5" 0 1000

stdout: 1038^done,numchild="5",children=[child={name="var5.memory_map",exp="memory_map",numchild="2",type="&[common::efi::MemoryDescriptor]",thread-id="1"},child={name="var5.boot_image",exp="boot_image",numchild="2",type="(u64, u64)",thread-id="1"},child={name="var5.frame_allocator",exp="frame_allocator",numchild="2",type="common::mem::PageTableFrameAllocator",thread-id="1"},child={name="var5.system_table",exp="system_table",numchild="13",value="0x3f9ee018",type="*mut common::efi::SystemTable",thread-id="1"},child={name="var5.heap",exp="heap",numchild="4",type="common::linked_list_allocator::Heap",thread-id="1"}],has_more="0"
(gdb) 
stdout: &"\n"
^done
(gdb) 
stdin: 1039-var-list-children --simple-values "var5.system_table" 0 1000
stdin: 
stdout: 1039^done,numchild="13",children=[child={name="var5.system_table.header",exp="header",numchild="5",type="common::efi::TableHeader",thread-id="1"},child={name="var5.system_table.vendor",exp="vendor",numchild="1",value="0x3f9cd498",type="*mut u16",thread-id="1"},child={name="var5.system_table.revision",exp="revision",numchild="0",value="65536",type="u32",thread-id="1"},child={name="var5.system_table.console_in_handle",exp="console_in_handle",numchild="0",value="0",type="usize",thread-id="1"},child={name="var5.system_table.console_in",exp="console_in",numchild="1",value="0x0",type="*mut u8",thread-id="1"},child={name="var5.system_table.console_out_handle",exp="console_out_handle",numchild="0",value="0",type="usize",thread-id="1"},child={name="var5.system_table.console_out",exp="console_out",numchild="0",value="0",type="usize",thread-id="1"},child={name="var5.system_table.console_error_handle",exp="console_error_handle",numchild="0",value="0",type="usize",thread-id="1"},child={name="var5.system_table.console_error",exp="console_error",numchild="1",value="0x0",type="*mut u8",thread-id="1"},child={name="var5.system_table.runtime_services",exp="runtime_services",numchild="7",value="0x3f9eeb98",type="*mut common::efi::RuntimeServices",thread-id="1"},child={name="var5.system_table.boot_services",exp="boot_services",numchild="39",value="0x0",type="*mut common::efi::BootServices",thread-id="1"},child={name="var5.system_table.entry_count",exp="entry_count",numchild="0",value="10",type="usize",thread-id="1"},child={name="var5.system_table.configuration_table",exp="configuration_table",numchild="2",value="0x3f9eec98",type="*mut common::efi::ConfigurationTable",thread-id="1"}],has_more="0"
(gdb) 
stdout: &"\n"
^done
(gdb) 
stdin: 1040-var-create - * "core::convert"

stdout: &"Attempt to use a type name as an expression.\n"
stdout: 1040^error,msg="-var-create: unable to create variable object"
(gdb) 
&"\n"
^done
(gdb) 
stdin: 1041kill

stdout: &"kill\n"
~"+kill\n"
stdout: =thread-exited,id="1",group-id="i1"
stdout: =thread-exited,id="2",group-id="i1"
=thread-group-exited,id="i1"
&"Remote communication error.  Target disconnected.: Broken pipe.\n"
stdout: 1041^error,msg="Remote communication error.  Target disconnected.: Broken pipe."
(gdb) 
&"\n"
^done
(gdb) 
